build/outputs/logs/manifest-merger-debug-report.txt
-- Merging decision tree log ---
manifest
ADDED from Android projects\AccWithFourier\AndroidManifest.xml:2:1-29:12
	xmlns:android
		ADDED from Android projects\AccWithFourier\AndroidManifest.xml:2:11-69
	package
		ADDED from Android projects\AccWithFourier\AndroidManifest.xml:3:5-28
	android:versionName
		ADDED from Android projects\AccWithFourier\AndroidManifest.xml:5:5-30
		INJECTED from Android projects\AccWithFourier\AndroidManifest.xml
		INJECTED from Android projects\AccWithFourier\AndroidManifest.xml
	android:versionCode
		ADDED from Android projects\AccWithFourier\AndroidManifest.xml:4:5-28
		INJECTED from Android projects\AccWithFourier\AndroidManifest.xml
		INJECTED from Android projects\AccWithFourier\AndroidManifest.xml
uses-permission#android.permission.WRITE_EXTERNAL_STORAGE
ADDED from Android projects\AccWithFourier\AndroidManifest.xml:6:5-81
	android:name
		ADDED from Android projects\AccWithFourier\AndroidManifest.xml:6:22-78
uses-permission#android.permission.READ_EXTERNAL_STORAGE
ADDED from Android projects\AccWithFourier\AndroidManifest.xml:7:5-80
	android:name
		ADDED from Android projects\AccWithFourier\AndroidManifest.xml:7:22-77
uses-permission#android.permission.MOUNT_UNMOUNT_FILESYSTEMS
ADDED from Android projects\AccWithFourier\AndroidManifest.xml:8:5-83
	android:name
		ADDED from Android projects\AccWithFourier\AndroidManifest.xml:8:22-81
uses-sdk
ADDED from Android projects\AccWithFourier\AndroidManifest.xml:9:5-11:41
MERGED from [com.android.support:appcompat-v7:23.1.1] AndroidManifest.xml:20:5-43
	android:targetSdkVersion
		ADDED from Android projects\AccWithFourier\AndroidManifest.xml:11:9-38
		INJECTED from Android projects\AccWithFourier\AndroidManifest.xml
		INJECTED from Android projects\AccWithFourier\AndroidManifest.xml
	android:minSdkVersion
		ADDED from Android projects\AccWithFourier\AndroidManifest.xml:10:9-34
		INJECTED from Android projects\AccWithFourier\AndroidManifest.xml
		INJECTED from Android projects\AccWithFourier\AndroidManifest.xml
application
ADDED from Android projects\AccWithFourier\AndroidManifest.xml:13:5-27:19
MERGED from [com.android.support:appcompat-v7:23.1.1] AndroidManifest.xml:22:5-20
	android:label
		ADDED from Android projects\AccWithFourier\AndroidManifest.xml:16:9-41
	android:allowBackup
		ADDED from Android projects\AccWithFourier\AndroidManifest.xml:14:9-35
	android:icon
		ADDED from Android projects\AccWithFourier\AndroidManifest.xml:15:9-45
	android:theme
		ADDED from Android projects\AccWithFourier\AndroidManifest.xml:17:9-40
activity#com.locationA.MainActivityFourier
ADDED from Android projects\AccWithFourier\AndroidManifest.xml:18:9-26:20
	android:label
		ADDED from Android projects\AccWithFourier\AndroidManifest.xml:20:13-45
	android:name
		ADDED from Android projects\AccWithFourier\AndroidManifest.xml:19:13-61
intent-filter#android.intent.action.MAIN+android.intent.category.LAUNCHER
ADDED from Android projects\AccWithFourier\AndroidManifest.xml:21:13-25:29
action#android.intent.action.MAIN
ADDED from Android projects\AccWithFourier\AndroidManifest.xml:22:17-69
	android:name
		ADDED from Android projects\AccWithFourier\AndroidManifest.xml:22:25-66
category#android.intent.category.LAUNCHER
ADDED from Android projects\AccWithFourier\AndroidManifest.xml:24:17-77
	android:name
		ADDED from Android projects\AccWithFourier\AndroidManifest.xml:24:27-74